162 959 80
107 122 476
89 122 100
38 46 611
68 18 341
163 20 634
146 114 487
57 238 96
101 260 842
193 290 239
56 301 662
73 322 910
129 372 519
180 373 852
159 393 826
21 393 907
135 398 44
108 420 228
106 452 261
198 459 20
79 465 648
95 996 939
76 996 945
28 996 957
155 996 106
152 996 970
99 997 467
169 997 635
42 998 880
165 997 716
23 997 783
150 998 998
31 997 789
158 993 647
103 997 851
124 997 147
6 997 864
133 990 196
136 997 900
26 997 921
153 996 335
74 998 26
137 998 595
10 470 131
172 998 647
35 998 678
126 997 748
185 999 542
147 999 926
60 998 973
187 994 823
125 997 517
184 999 941
111 999 949
189 999 957
62 984 991
190 997 163
13 997 821
140 996 521
131 998 962
177 999 976
104 999 867
105 996 989
46 998 896
173 997 209
143 999 985
16 993 966
55 997 931
182 996 198
114 998 830
24 999 996
151 995 788
83 999 989
53 998 800
112 998 914
145 997 280
86 998 843
128 999 981
157 998 955
30 992 277
70 998 892
197 992 616
32 997 655
191 998 474
132 998 982
43 999 816
170 988 60
102 999 467
161 998 950
167 997 944
49 998 977
176 996 540
115 999 968
174 998 960
134 998 855
7 994 872
119 996 879
122 996 869
51 996 695
178 991 382
87 996 657
12 996 653
139 995 638
52 996 561
179 986 69
160 996 389
175 996 175
138 996 84
121 995 950
78 995 860
92 995 738
166 995 626
181 995 583
168 995 536
91 995 442
194 995 157
118 994 899
80 994 794
17 994 607
144 993 513
123 994 426
29 994 378
156 988 10
127 993 538
142 993 155
14 992 884
141 992 273
130 992 568
116 992 563
199 992 141
196 991 826
186 991 466
59 975 592
37 991 291
164 986 953
171 990 422
113 990 73
154 986 685
82 985 973
94 985 709
195 984 405
110 981 440
188 977 755
120 977 301
109 480 265
192 477 7
117 476 813
149 472 379
