62 920 12
145 280 609
138 181 489
129 9 31
102 0 274
152 0 902
54 4 3
172 19 949
159 128 391
162 148 948
126 349 792
156 283 961
29 350 558
100 362 699
6 377 699
150 400 86
178 400 200
119 401 305
187 417 931
33 986 929
118 988 991
127 349 699
0 999 976
165 311 558
38 990 48
169 990 424
110 984 858
193 990 525
107 992 245
166 999 911
180 990 11
3 999 987
121 540 663
146 992 976
28 538 792
13 993 182
104 998 959
55 992 335
142 999 995
24 535 105
185 997 842
177 361 660
50 992 221
168 983 157
195 997 766
136 539 129
64 992 625
191 991 698
17 997 722
188 999 725
170 985 976
111 982 992
199 999 851
81 418 106
112 997 954
44 993 83
171 452 372
134 983 698
7 996 998
184 996 587
125 516 838
101 985 275
88 984 801
105 984 165
20 983 997
183 983 566
124 533 443
37 983 133
27 982 994
163 993 906
36 982 756
93 540 774
196 538 860
78 532 531
137 488 838
192 535 564
179 507 950
176 496 105
143 458 894
108 450 106
141 436 106
