147 133 390
56 41 256
179 61 859
114 268 709
73 309 263
100 325 73
164 754 297
145 852 277
175 862 683
82 863 960
189 879 407
110 883 581
101 965 870
115 981 442
160 983 700
112 984 316
126 985 989
130 931 158
3 987 41
188 988 984
17 0 0
144 991 351
169 995 729
129 995 901
193 995 918
161 996 114
192 996 133
173 996 164
106 996 284
140 993 590
13 996 307
137 996 320
182 996 465
184 996 548
96 996 590
185 996 594
196 996 652
113 996 693
132 996 760
14 993 572
141 996 772
151 996 793
118 996 868
111 996 915
133 861 699
6 996 933
178 996 999
125 997 101
109 997 271
103 998 488
108 997 477
102 998 663
171 998 757
143 998 817
153 998 453
162 998 436
35 997 994
124 998 822
186 998 639
128 998 708
187 997 859
71 997 689
180 998 890
121 998 58
191 998 896
67 999 995
159 999 934
119 998 967
177 999 769
0 997 483
138 998 912
174 998 693
116 998 985
166 908 548
39 998 970
195 998 945
136 997 957
146 998 990
87 997 670
157 986 489
30 998 951
81 998 880
199 997 955
12 998 871
139 998 909
123 998 905
172 998 383
28 997 973
155 998 371
7 998 982
134 998 246
168 997 988
154 997 978
122 997 969
165 839 186
38 997 965
156 997 633
150 983 781
23 997 940
120 997 938
152 997 929
170 997 898
117 997 814
49 998 544
176 997 526
197 998 876
70 997 724
142 997 684
107 997 646
104 997 509
105 997 392
90 997 360
